<?xml version="1.0" encoding="UTF-8"?>
<!-- Generated by org.testng.reporters.JUnitReportReporter -->
<testsuite hostname="Dell-Laptop-4th-Floor-room2" failures="0" tests="1" name="com.sakara.pharmeasy.testscript.PatientModule" time="0.013" errors="0" timestamp="2025-09-21T11:21:13 IST" skipped="0">
  <testcase classname="com.sakara.pharmeasy.testscript.PatientModule" name="createPatient" time="0.013">
    <system-out>
      <![CDATA[createPatient]]>
    </system-out>
  </testcase> <!-- createPatient -->
  <system-out>
    <![CDATA[createPatient]]>
  </system-out>
</testsuite> <!-- com.sakara.pharmeasy.testscript.PatientModule -->
